Release 14.6 - xst P.68d (nt64)
Copyright (c) 1995-2013 Xilinx, Inc.  All rights reserved.
--> Parameter TMPDIR set to xst/projnav.tmp


Total REAL time to Xst completion: 2.00 secs
Total CPU time to Xst completion: 1.70 secs
 
--> Parameter xsthdpdir set to xst


Total REAL time to Xst completion: 2.00 secs
Total CPU time to Xst completion: 1.71 secs
 
--> Reading design: top.prj

TABLE OF CONTENTS
  1) Synthesis Options Summary
  2) HDL Parsing
  3) HDL Elaboration
  4) HDL Synthesis
       4.1) HDL Synthesis Report
  5) Advanced HDL Synthesis
       5.1) Advanced HDL Synthesis Report
  6) Low Level Synthesis
  7) Partition Report
  8) Design Summary
       8.1) Primitive and Black Box Usage
       8.2) Device utilization summary
       8.3) Partition Resource Summary
       8.4) Timing Report
            8.4.1) Clock Information
            8.4.2) Asynchronous Control Signals Information
            8.4.3) Timing Summary
            8.4.4) Timing Details
            8.4.5) Cross Clock Domains Report


=========================================================================
*                      Synthesis Options Summary                        *
=========================================================================
---- Source Parameters
Input File Name                    : "top.prj"
Ignore Synthesis Constraint File   : NO

---- Target Parameters
Output File Name                   : "top"
Output Format                      : NGC
Target Device                      : xc6slx45-2-fgg676

---- Source Options
Top Module Name                    : top
Automatic FSM Extraction           : YES
FSM Encoding Algorithm             : Auto
Safe Implementation                : No
FSM Style                          : LUT
RAM Extraction                     : Yes
RAM Style                          : Auto
ROM Extraction                     : Yes
Shift Register Extraction          : YES
ROM Style                          : Auto
Resource Sharing                   : YES
Asynchronous To Synchronous        : NO
Shift Register Minimum Size        : 2
Use DSP Block                      : Auto
Automatic Register Balancing       : No

---- Target Options
LUT Combining                      : Auto
Reduce Control Sets                : Auto
Add IO Buffers                     : YES
Global Maximum Fanout              : 100000
Add Generic Clock Buffer(BUFG)     : 16
Register Duplication               : YES
Optimize Instantiated Primitives   : NO
Use Clock Enable                   : Auto
Use Synchronous Set                : Auto
Use Synchronous Reset              : Auto
Pack IO Registers into IOBs        : Auto
Equivalent register Removal        : YES

---- General Options
Optimization Goal                  : Speed
Optimization Effort                : 1
Power Reduction                    : NO
Keep Hierarchy                     : No
Netlist Hierarchy                  : As_Optimized
RTL Output                         : Yes
Global Optimization                : AllClockNets
Read Cores                         : YES
Write Timing Constraints           : NO
Cross Clock Analysis               : NO
Hierarchy Separator                : /
Bus Delimiter                      : <>
Case Specifier                     : Maintain
Slice Utilization Ratio            : 100
BRAM Utilization Ratio             : 100
DSP48 Utilization Ratio            : 100
Auto BRAM Packing                  : NO
Slice Utilization Ratio Delta      : 5

---- Other Options
Cores Search Directories           : {"../../source/coregen/char_rom"  }

=========================================================================


=========================================================================
*                          HDL Parsing                                  *
=========================================================================
Parsing VHDL file "F:\lab2\source\rtl\vhdl\vga_sync.vhd" into library work
Parsing entity <vga_sync>.
Parsing architecture <rtl> of entity <vga_sync>.
Parsing VHDL file "F:\lab2\source\coregen\dcm75MHz.vhd" into library work
Parsing entity <dcm75MHz>.
Parsing architecture <xilinx> of entity <dcm75mhz>.
Parsing VHDL file "F:\lab2\source\coregen\dcm50MHz.vhd" into library work
Parsing entity <dcm50MHz>.
Parsing architecture <xilinx> of entity <dcm50mhz>.
Parsing VHDL file "F:\lab2\source\coregen\dcm25MHz.vhd" into library work
Parsing entity <dcm25MHz>.
Parsing architecture <xilinx> of entity <dcm25mhz>.
Parsing VHDL file "F:\lab2\source\coregen\dcm108MHz.vhd" into library work
Parsing entity <dcm108MHz>.
Parsing architecture <xilinx> of entity <dcm108mhz>.
Parsing VHDL file "F:\lab2\source\coregen\char_rom\char_rom_def.vhd" into library work
Parsing entity <char_rom_def>.
Parsing architecture <char_rom_def_a> of entity <char_rom_def>.
Parsing VHDL file "F:\lab2\source\rtl\vhdl\vga.vhd" into library work
Parsing entity <vga>.
Parsing architecture <rtl> of entity <vga>.
Parsing VHDL file "F:\lab2\source\rtl\vhdl\text_mem.vhd" into library work
Parsing entity <text_mem>.
Parsing architecture <arc_text_mem> of entity <text_mem>.
Parsing VHDL file "F:\lab2\source\rtl\vhdl\reg.vhd" into library work
Parsing entity <reg>.
Parsing architecture <arch_reg> of entity <reg>.
Parsing VHDL file "F:\lab2\source\rtl\vhdl\graphics_mem.vhd" into library work
Parsing entity <graphics_mem>.
Parsing architecture <arc_graphics_mem> of entity <graphics_mem>.
Parsing VHDL file "F:\lab2\source\rtl\vhdl\char_rom.vhd" into library work
Parsing entity <char_rom>.
Parsing architecture <Behavioral> of entity <char_rom>.
Parsing VHDL file "F:\lab2\synthesis\lab2\clk_counter.vhd" into library work
Parsing entity <clk_counter>.
Parsing architecture <rtl> of entity <clk_counter>.
Parsing VHDL file "F:\lab2\source\rtl\vhdl\vga_top.vhd" into library work
Parsing entity <vga_top>.
Parsing architecture <rtl> of entity <vga_top>.
Parsing VHDL file "F:\lab2\source\rtl\vhdl\top.vhd" into library work
Parsing entity <top>.
Parsing architecture <rtl> of entity <top>.

=========================================================================
*                            HDL Elaboration                            *
=========================================================================

Elaborating entity <top> (architecture <rtl>) with generics from library <work>.
WARNING:HDLCompiler:1127 - "F:\lab2\source\rtl\vhdl\top.vhd" Line 202: Assignment to message_lenght ignored, since the identifier is never used
WARNING:HDLCompiler:1127 - "F:\lab2\source\rtl\vhdl\top.vhd" Line 207: Assignment to graphics_lenght ignored, since the identifier is never used
WARNING:HDLCompiler:89 - "F:\lab2\source\rtl\vhdl\top.vhd" Line 108: <oddr2> remains a black-box since it has no binding entity.

Elaborating entity <vga_top> (architecture <rtl>) with generics from library <work>.

Elaborating entity <vga> (architecture <rtl>) with generics from library <work>.
WARNING:HDLCompiler:89 - "F:\lab2\source\rtl\vhdl\vga.vhd" Line 123: <srl16> remains a black-box since it has no binding entity.

Elaborating entity <vga_sync> (architecture <rtl>) with generics from library <work>.

Elaborating entity <dcm25MHz> (architecture <xilinx>) from library <work>.

Elaborating entity <char_rom> (architecture <Behavioral>) from library <work>.

Elaborating entity <char_rom_def> (architecture <char_rom_def_a>) from library <work>.
INFO:HDLCompiler:679 - "F:\lab2\source\rtl\vhdl\char_rom.vhd" Line 77. Case statement is complete. others clause is never selected

Elaborating entity <text_mem> (architecture <arc_text_mem>) with generics from library <work>.

Elaborating entity <graphics_mem> (architecture <arc_graphics_mem>) with generics from library <work>.
WARNING:HDLCompiler:1127 - "F:\lab2\source\rtl\vhdl\vga_top.vhd" Line 301: Assignment to grid_size ignored, since the identifier is never used

Elaborating entity <clk_counter> (architecture <rtl>) with generics from library <work>.

Elaborating entity <reg> (architecture <arch_reg>) with generics from library <work>.

Elaborating entity <reg> (architecture <arch_reg>) with generics from library <work>.

=========================================================================
*                           HDL Synthesis                               *
=========================================================================

Synthesizing Unit <top>.
    Related source file is "F:\lab2\source\rtl\vhdl\top.vhd".
        RES_TYPE = 1
        TEXT_MEM_DATA_WIDTH = 6
        GRAPH_MEM_DATA_WIDTH = 32
INFO:Xst:3210 - "F:\lab2\source\rtl\vhdl\top.vhd" line 238: Output port <dir_pixel_row_o> of the instance <vga_top_i> is unconnected or connected to loadless signal.
    Found 20-bit adder for signal <char_addr_r[19]_GND_5_o_add_39_OUT> created at line 338.
    Found 20-bit adder for signal <GND_5_o_start_pointer_r[19]_add_44_OUT> created at line 345.
    Found 20-bit adder for signal <GND_5_o_start_pointer_r[19]_add_46_OUT> created at line 346.
    Found 20-bit adder for signal <GND_5_o_start_pointer_r[19]_add_48_OUT> created at line 347.
    Found 20-bit adder for signal <GND_5_o_start_pointer_r[19]_add_50_OUT> created at line 348.
    Found 20-bit adder for signal <GND_5_o_start_pointer_r[19]_add_52_OUT> created at line 349.
    Found 20-bit adder for signal <GND_5_o_start_pointer_r[19]_add_54_OUT> created at line 350.
    Found 20-bit adder for signal <GND_5_o_start_pointer_r[19]_add_56_OUT> created at line 351.
    Found 20-bit adder for signal <GND_5_o_start_pointer_r[19]_add_58_OUT> created at line 352.
    Found 20-bit adder for signal <GND_5_o_start_pointer_r[19]_add_60_OUT> created at line 353.
    Found 20-bit adder for signal <GND_5_o_start_pointer_r[19]_add_62_OUT> created at line 354.
    Found 20-bit adder for signal <GND_5_o_start_pointer_r[19]_add_64_OUT> created at line 355.
    Found 20-bit adder for signal <GND_5_o_start_pointer_r[19]_add_66_OUT> created at line 356.
    Found 20-bit adder for signal <GND_5_o_start_pointer_r[19]_add_68_OUT> created at line 357.
    Found 20-bit adder for signal <GND_5_o_start_pointer_r[19]_add_70_OUT> created at line 358.
    Found 20-bit adder for signal <GND_5_o_start_pointer_r[19]_add_72_OUT> created at line 359.
    Found 20-bit adder for signal <GND_5_o_start_pointer_r[19]_add_74_OUT> created at line 360.
    Found 20-bit adder for signal <pixel_addr_r[19]_GND_5_o_add_96_OUT> created at line 366.
    Found 20-bit adder for signal <GND_5_o_start_pointer_r[19]_add_101_OUT> created at line 373.
    Found 20-bit adder for signal <GND_5_o_start_pointer_r[19]_add_103_OUT> created at line 374.
    Found 20-bit adder for signal <GND_5_o_start_pointer_r[19]_add_105_OUT> created at line 375.
    Found 20-bit adder for signal <GND_5_o_start_pointer_r[19]_add_107_OUT> created at line 376.
    Found 20-bit adder for signal <GND_5_o_start_pointer_r[19]_add_109_OUT> created at line 377.
    Found 20-bit adder for signal <GND_5_o_start_pointer_r[19]_add_111_OUT> created at line 378.
    Found 20-bit adder for signal <GND_5_o_start_pointer_r[19]_add_113_OUT> created at line 379.
    Found 20-bit adder for signal <GND_5_o_start_pointer_r[19]_add_115_OUT> created at line 380.
    Found 20-bit adder for signal <GND_5_o_start_pointer_r[19]_add_117_OUT> created at line 381.
    Found 20-bit adder for signal <GND_5_o_start_pointer_r[19]_add_119_OUT> created at line 382.
    Found 11-bit comparator greater for signal <dir_pixel_column[10]_GND_5_o_LessThan_12_o> created at line 320
    Found 11-bit comparator greater for signal <dir_pixel_column[10]_GND_5_o_LessThan_14_o> created at line 321
    Found 11-bit comparator greater for signal <dir_pixel_column[10]_GND_5_o_LessThan_16_o> created at line 322
    Found 11-bit comparator greater for signal <dir_pixel_column[10]_GND_5_o_LessThan_18_o> created at line 323
    Found 11-bit comparator greater for signal <dir_pixel_column[10]_GND_5_o_LessThan_20_o> created at line 324
    Found 11-bit comparator greater for signal <dir_pixel_column[10]_GND_5_o_LessThan_22_o> created at line 325
    Found 11-bit comparator greater for signal <dir_pixel_column[10]_GND_5_o_LessThan_24_o> created at line 326
    Found 20-bit comparator greater for signal <char_we_char_addr_r[19]_AND_140_o> created at line 338
    Found 20-bit comparator equal for signal <GND_5_o_GND_5_o_equal_44_o> created at line 344
    Found 20-bit comparator equal for signal <GND_5_o_GND_5_o_equal_46_o> created at line 345
    Found 20-bit comparator equal for signal <GND_5_o_GND_5_o_equal_48_o> created at line 346
    Found 20-bit comparator equal for signal <GND_5_o_GND_5_o_equal_50_o> created at line 347
    Found 20-bit comparator equal for signal <GND_5_o_GND_5_o_equal_52_o> created at line 348
    Found 20-bit comparator equal for signal <GND_5_o_GND_5_o_equal_54_o> created at line 349
    Found 20-bit comparator equal for signal <GND_5_o_GND_5_o_equal_56_o> created at line 350
    Found 20-bit comparator equal for signal <GND_5_o_GND_5_o_equal_58_o> created at line 351
    Found 20-bit comparator equal for signal <GND_5_o_GND_5_o_equal_60_o> created at line 352
    Found 20-bit comparator equal for signal <GND_5_o_GND_5_o_equal_62_o> created at line 353
    Found 20-bit comparator equal for signal <GND_5_o_GND_5_o_equal_64_o> created at line 354
    Found 20-bit comparator equal for signal <GND_5_o_GND_5_o_equal_66_o> created at line 355
    Found 20-bit comparator equal for signal <GND_5_o_GND_5_o_equal_68_o> created at line 356
    Found 20-bit comparator equal for signal <GND_5_o_GND_5_o_equal_70_o> created at line 357
    Found 20-bit comparator equal for signal <GND_5_o_GND_5_o_equal_72_o> created at line 358
    Found 20-bit comparator equal for signal <GND_5_o_GND_5_o_equal_74_o> created at line 359
    Found 20-bit comparator equal for signal <GND_5_o_GND_5_o_equal_76_o> created at line 360
    Found 20-bit comparator greater for signal <pixel_we_pixel_addr_r[19]_AND_142_o> created at line 366
    Found 20-bit comparator equal for signal <pixel_address[19]_GND_5_o_equal_101_o> created at line 372
    Found 20-bit comparator equal for signal <pixel_address[19]_GND_5_o_equal_103_o> created at line 373
    Found 20-bit comparator equal for signal <pixel_address[19]_GND_5_o_equal_105_o> created at line 374
    Found 20-bit comparator equal for signal <pixel_address[19]_GND_5_o_equal_107_o> created at line 375
    Found 20-bit comparator equal for signal <pixel_address[19]_GND_5_o_equal_109_o> created at line 376
    Found 20-bit comparator equal for signal <pixel_address[19]_GND_5_o_equal_111_o> created at line 377
    Found 20-bit comparator equal for signal <pixel_address[19]_GND_5_o_equal_113_o> created at line 378
    Found 20-bit comparator equal for signal <pixel_address[19]_GND_5_o_equal_115_o> created at line 379
    Found 20-bit comparator equal for signal <pixel_address[19]_GND_5_o_equal_117_o> created at line 380
    Found 20-bit comparator equal for signal <pixel_address[19]_GND_5_o_equal_119_o> created at line 381
    Found 20-bit comparator equal for signal <pixel_address[19]_GND_5_o_equal_121_o> created at line 382
    Found 20-bit comparator greater for signal <start_pointer_r[19]_GND_5_o_LessThan_133_o> created at line 385
    Summary:
	inferred  28 Adder/Subtractor(s).
	inferred  38 Comparator(s).
	inferred  38 Multiplexer(s).
Unit <top> synthesized.

Synthesizing Unit <vga_top>.
    Related source file is "F:\lab2\source\rtl\vhdl\vga_top.vhd".
        H_RES = 640
        V_RES = 480
        MEM_ADDR_WIDTH = 14
        GRAPH_MEM_ADDR_WIDTH = 20
        TEXT_MEM_DATA_WIDTH = 6
        GRAPH_MEM_DATA_WIDTH = 32
        RES_TYPE = 1
        MEM_SIZE = 4800
    Found 22-bit adder for signal <graph_pixel_addr_c> created at line 267.
    Found 22-bit adder for signal <txt_rom_addr_c> created at line 271.
    Found 11x11-bit multiplier for signal <n0100> created at line 267.
    Found 11x11-bit multiplier for signal <n0103> created at line 271.
    Found 1-bit 3-to-1 multiplexer for signal <active_pixel_s_rom_out_s_MUX_75_o> created at line 221.
WARNING:Xst:737 - Found 1-bit latch for signal <active_pixel_s>. Latches may be generated from incomplete case or if statements. We do not recommend the use of latches in FPGA/CPLD designs, as they may lead to timing problems.
    Summary:
	inferred   2 Multiplier(s).
	inferred   2 Adder/Subtractor(s).
	inferred   1 Latch(s).
	inferred   1 Multiplexer(s).
Unit <vga_top> synthesized.

Synthesizing Unit <vga>.
    Related source file is "F:\lab2\source\rtl\vhdl\vga.vhd".
        RESOLUTION_TYPE = 1
        H_RES = 640
        V_RES = 480
    Found 1-bit register for signal <locked_del_reg_r>.
    Summary:
	inferred   1 D-type flip-flop(s).
Unit <vga> synthesized.

Synthesizing Unit <vga_sync>.
    Related source file is "F:\lab2\source\rtl\vhdl\vga_sync.vhd".
        HORIZONTAL_RES = 640
        VERTICAL_RES = 480
        FRAME_SIZE = 4
    Found 1-bit register for signal <horiz_sync_r>.
    Found 11-bit register for signal <v_count_r>.
    Found 1-bit register for signal <vert_sync_r>.
    Found 1-bit register for signal <horiz_sync_out_r>.
    Found 1-bit register for signal <vert_sync_out_r>.
    Found 1-bit register for signal <psave_r>.
    Found 1-bit register for signal <blank_r>.
    Found 1-bit register for signal <sync_r>.
    Found 1-bit register for signal <horiz_sync_out_d_r>.
    Found 1-bit register for signal <vert_sync_out_d_r>.
    Found 1-bit register for signal <psave_d_r>.
    Found 1-bit register for signal <blank_d_r>.
    Found 1-bit register for signal <sync_d_r>.
    Found 8-bit register for signal <red_r>.
    Found 8-bit register for signal <green_r>.
    Found 8-bit register for signal <blue_r>.
    Found 11-bit register for signal <h_count_r>.
    Found 11-bit adder for signal <h_count_r[10]_GND_11_o_add_12_OUT> created at line 212.
    Found 11-bit adder for signal <v_count_r[10]_GND_11_o_add_28_OUT> created at line 247.
    Found 12-bit comparator greater for signal <BUS_0002_GND_11_o_LessThan_12_o> created at line 212
    Found 12-bit comparator lessequal for signal <n0017> created at line 229
    Found 12-bit comparator greater for signal <BUS_0006_GND_11_o_LessThan_21_o> created at line 229
    Found 12-bit comparator lessequal for signal <BUS_0011_GND_11_o_LessThan_28_o> created at line 247
    Found 12-bit comparator lessequal for signal <n0038> created at line 266
    Found 12-bit comparator greater for signal <BUS_0017_GND_11_o_LessThan_41_o> created at line 266
    Found 11-bit comparator lessequal for signal <n0047> created at line 279
    Found 11-bit comparator lessequal for signal <n0049> created at line 279
    Summary:
	inferred   2 Adder/Subtractor(s).
	inferred  58 D-type flip-flop(s).
	inferred   8 Comparator(s).
	inferred   3 Multiplexer(s).
Unit <vga_sync> synthesized.

Synthesizing Unit <dcm25MHz>.
    Related source file is "F:\lab2\source\coregen\dcm25MHz.vhd".
    Summary:
	no macro.
Unit <dcm25MHz> synthesized.

Synthesizing Unit <char_rom>.
    Related source file is "F:\lab2\source\rtl\vhdl\char_rom.vhd".
    Found 1-bit 8-to-1 multiplexer for signal <rom_mux_output_o> created at line 67.
    Summary:
	inferred   1 Multiplexer(s).
Unit <char_rom> synthesized.

Synthesizing Unit <text_mem>.
    Related source file is "F:\lab2\source\rtl\vhdl\text_mem.vhd".
        MEM_ADDR_WIDTH = 14
        MEM_DATA_WIDTH = 6
        MEM_SIZE = 4800
WARNING:Xst:647 - Input <wr_addr_i<13:13>> is never used. This port will be preserved and left unconnected if it belongs to a top-level block or it belongs to a sub-block and the hierarchy of this sub-block is preserved.
WARNING:Xst:647 - Input <reset_n_i> is never used. This port will be preserved and left unconnected if it belongs to a top-level block or it belongs to a sub-block and the hierarchy of this sub-block is preserved.
WARNING:Xst:3035 - Index value(s) does not match array range for signal <text_mem>, simulation mismatch.
    Found 4800x6-bit dual-port RAM <Mram_text_mem> for signal <text_mem>.
    Found 6-bit register for signal <rd_data_o>.
    Found 31-bit comparator greater for signal <index_t[30]_GND_22_o_LessThan_5_o> created at line 60
    Summary:
	inferred   1 RAM(s).
	inferred   6 D-type flip-flop(s).
	inferred   1 Comparator(s).
	inferred   1 Multiplexer(s).
Unit <text_mem> synthesized.

Synthesizing Unit <graphics_mem>.
    Related source file is "F:\lab2\source\rtl\vhdl\graphics_mem.vhd".
        MEM_ADDR_WIDTH = 20
        MEM_DATA_WIDTH = 32
        MEM_SIZE = 307200
WARNING:Xst:647 - Input <reset_n_i> is never used. This port will be preserved and left unconnected if it belongs to a top-level block or it belongs to a sub-block and the hierarchy of this sub-block is preserved.
WARNING:Xst:3035 - Index value(s) does not match array range for signal <graphics_mem>, simulation mismatch.
    Found 9600x32-bit dual-port RAM <Mram_graphics_mem> for signal <graphics_mem>.
    Found 32-bit register for signal <rd_value>.
    Found 1-bit 32-to-1 multiplexer for signal <rd_data_o> created at line 81.
    Found 31-bit comparator greater for signal <index_0_t[30]_GND_40_o_LessThan_8_o> created at line 84
    Found 31-bit comparator greater for signal <index_1_t[30]_GND_40_o_LessThan_11_o> created at line 87
    Found 31-bit comparator greater for signal <index_2_t[30]_GND_40_o_LessThan_14_o> created at line 90
    Summary:
	inferred   1 RAM(s).
	inferred  32 D-type flip-flop(s).
	inferred   3 Comparator(s).
	inferred   8 Multiplexer(s).
Unit <graphics_mem> synthesized.

Synthesizing Unit <clk_counter>.
    Related source file is "F:\lab2\synthesis\lab2\clk_counter.vhd".
        max_cnt = "10111110101111000010000000"
    Found 26-bit adder for signal <counter_r[25]_GND_90_o_add_3_OUT> created at line 66.
    Found 26-bit comparator greater for signal <cnt_en_i_counter_r[25]_AND_130_o> created at line 66
    Summary:
	inferred   1 Adder/Subtractor(s).
	inferred   1 Comparator(s).
	inferred   2 Multiplexer(s).
Unit <clk_counter> synthesized.

Synthesizing Unit <reg_1>.
    Related source file is "F:\lab2\source\rtl\vhdl\reg.vhd".
        WIDTH = 26
        RST_INIT = 0
    Found 26-bit register for signal <r_q>.
    Summary:
	inferred  26 D-type flip-flop(s).
Unit <reg_1> synthesized.

Synthesizing Unit <reg_2>.
    Related source file is "F:\lab2\source\rtl\vhdl\reg.vhd".
        WIDTH = 20
        RST_INIT = 0
    Found 20-bit register for signal <r_q>.
    Summary:
	inferred  20 D-type flip-flop(s).
Unit <reg_2> synthesized.

=========================================================================
HDL Synthesis Report

Macro Statistics
# RAMs                                                 : 2
 4800x6-bit dual-port RAM                              : 1
 9600x32-bit dual-port RAM                             : 1
# Multipliers                                          : 2
 11x11-bit multiplier                                  : 2
# Adders/Subtractors                                   : 33
 11-bit adder                                          : 2
 20-bit adder                                          : 28
 22-bit adder                                          : 2
 26-bit adder                                          : 1
# Registers                                            : 24
 1-bit register                                        : 13
 11-bit register                                       : 2
 20-bit register                                       : 3
 26-bit register                                       : 1
 32-bit register                                       : 1
 6-bit register                                        : 1
 8-bit register                                        : 3
# Latches                                              : 1
 1-bit latch                                           : 1
# Comparators                                          : 51
 11-bit comparator greater                             : 7
 11-bit comparator lessequal                           : 2
 12-bit comparator greater                             : 3
 12-bit comparator lessequal                           : 3
 20-bit comparator equal                               : 28
 20-bit comparator greater                             : 3
 26-bit comparator greater                             : 1
 31-bit comparator greater                             : 4
# Multiplexers                                         : 54
 1-bit 2-to-1 multiplexer                              : 5
 1-bit 3-to-1 multiplexer                              : 1
 1-bit 32-to-1 multiplexer                             : 1
 1-bit 8-to-1 multiplexer                              : 1
 20-bit 2-to-1 multiplexer                             : 6
 24-bit 2-to-1 multiplexer                             : 6
 26-bit 2-to-1 multiplexer                             : 2
 31-bit 2-to-1 multiplexer                             : 3
 32-bit 2-to-1 multiplexer                             : 10
 6-bit 2-to-1 multiplexer                              : 16
 8-bit 2-to-1 multiplexer                              : 3
# Xors                                                 : 1
 1-bit xor2                                            : 1

=========================================================================

=========================================================================
*                       Advanced HDL Synthesis                          *
=========================================================================

Reading core <../../source/coregen/char_rom/char_rom_def.ngc>.
Loading core <char_rom_def> for timing and area information for instance <BRAM_MEM_I>.
INFO:Xst:1901 - Instance B6 in unit char_rom_def of type RAMB16_S9 has been replaced by RAMB16BWER

Synthesizing (advanced) Unit <clk_counter>.
The following registers are absorbed into counter <cnt_reg/r_q>: 1 register on signal <cnt_reg/r_q>.
Unit <clk_counter> synthesized (advanced).

Synthesizing (advanced) Unit <graphics_mem>.
INFO:Xst:3226 - The RAM <Mram_graphics_mem> will be implemented as a BLOCK RAM, absorbing the following register(s): <rd_value>
    -----------------------------------------------------------------------
    | ram_type           | Block                               |          |
    -----------------------------------------------------------------------
    | Port A                                                              |
    |     aspect ratio   | 9600-word x 32-bit                  |          |
    |     mode           | read-first                          |          |
    |     clkA           | connected to signal <clk_i>         | rise     |
    |     weA            | connected to signal <VCC>           | high     |
    |     addrA          | connected to signal <index_2>       |          |
    |     diA            | connected to signal <wr_data_i>     |          |
    -----------------------------------------------------------------------
    | optimization       | speed                               |          |
    -----------------------------------------------------------------------
    | Port B                                                              |
    |     aspect ratio   | 9600-word x 32-bit                  |          |
    |     mode           | write-first                         |          |
    |     clkB           | connected to signal <clk_i>         | rise     |
    |     addrB          | connected to signal <index_0>       |          |
    |     doB            | connected to signal <rd_value>      |          |
    -----------------------------------------------------------------------
    | optimization       | speed                               |          |
    -----------------------------------------------------------------------
Unit <graphics_mem> synthesized (advanced).

Synthesizing (advanced) Unit <text_mem>.
INFO:Xst:3226 - The RAM <Mram_text_mem> will be implemented as a BLOCK RAM, absorbing the following register(s): <rd_data_o>
    -----------------------------------------------------------------------
    | ram_type           | Block                               |          |
    -----------------------------------------------------------------------
    | Port A                                                              |
    |     aspect ratio   | 4800-word x 6-bit                   |          |
    |     mode           | read-first                          |          |
    |     clkA           | connected to signal <clk_i>         | rise     |
    |     weA            | connected to signal <VCC>           | high     |
    |     addrA          | connected to signal <wr_addr_i>     |          |
    |     diA            | connected to signal <wr_data_i>     |          |
    -----------------------------------------------------------------------
    | optimization       | speed                               |          |
    -----------------------------------------------------------------------
    | Port B                                                              |
    |     aspect ratio   | 4800-word x 6-bit                   |          |
    |     mode           | write-first                         |          |
    |     clkB           | connected to signal <clk_i>         | rise     |
    |     addrB          | connected to signal <index>         |          |
    |     doB            | connected to signal <rd_data_o>     |          |
    -----------------------------------------------------------------------
    | optimization       | speed                               |          |
    -----------------------------------------------------------------------
Unit <text_mem> synthesized (advanced).

Synthesizing (advanced) Unit <top>.
The following registers are absorbed into counter <char_addr_reg/r_q>: 1 register on signal <char_addr_reg/r_q>.
The following registers are absorbed into counter <pixel_addr_reg/r_q>: 1 register on signal <pixel_addr_reg/r_q>.
Unit <top> synthesized (advanced).

Synthesizing (advanced) Unit <vga_sync>.
The following registers are absorbed into counter <h_count_r>: 1 register on signal <h_count_r>.
The following registers are absorbed into counter <v_count_r>: 1 register on signal <v_count_r>.
Unit <vga_sync> synthesized (advanced).

Synthesizing (advanced) Unit <vga_top>.
	Multiplier <Mmult_n0100> in block <vga_top> and adder/subtractor <Madd_graph_pixel_addr_c_Madd> in block <vga_top> are combined into a MAC<Maddsub_n0100>.
	Multiplier <Mmult_n0103> in block <vga_top> and adder/subtractor <Madd_txt_rom_addr_c_Madd> in block <vga_top> are combined into a MAC<Maddsub_n0103>.
Unit <vga_top> synthesized (advanced).

=========================================================================
Advanced HDL Synthesis Report

Macro Statistics
# RAMs                                                 : 2
 4800x6-bit dual-port block RAM                        : 1
 9600x32-bit dual-port block RAM                       : 1
# MACs                                                 : 2
 11x11-to-20-bit MAC                                   : 1
 8x7-to-14-bit MAC                                     : 1
# Adders/Subtractors                                   : 26
 20-bit adder                                          : 26
# Counters                                             : 5
 11-bit up counter                                     : 2
 20-bit up counter                                     : 2
 26-bit up counter                                     : 1
# Registers                                            : 57
 Flip-Flops                                            : 57
# Comparators                                          : 51
 11-bit comparator greater                             : 7
 11-bit comparator lessequal                           : 2
 12-bit comparator greater                             : 3
 12-bit comparator lessequal                           : 3
 20-bit comparator equal                               : 28
 20-bit comparator greater                             : 3
 26-bit comparator greater                             : 1
 31-bit comparator greater                             : 4
# Multiplexers                                         : 51
 1-bit 2-to-1 multiplexer                              : 5
 1-bit 3-to-1 multiplexer                              : 1
 1-bit 32-to-1 multiplexer                             : 1
 1-bit 8-to-1 multiplexer                              : 1
 20-bit 2-to-1 multiplexer                             : 4
 24-bit 2-to-1 multiplexer                             : 6
 26-bit 2-to-1 multiplexer                             : 1
 31-bit 2-to-1 multiplexer                             : 3
 32-bit 2-to-1 multiplexer                             : 10
 6-bit 2-to-1 multiplexer                              : 16
 8-bit 2-to-1 multiplexer                              : 3
# Xors                                                 : 1
 1-bit xor2                                            : 1

=========================================================================

=========================================================================
*                         Low Level Synthesis                           *
=========================================================================

Optimizing unit <top> ...

Optimizing unit <vga_top> ...

Optimizing unit <vga_sync> ...

Optimizing unit <graphics_mem> ...
INFO:Xst:2399 - RAMs <vga_top_i/graphics_mem_i/Mram_graphics_mem32>, <vga_top_i/graphics_mem_i/Mram_graphics_mem31> are equivalent, second RAM is removed
INFO:Xst:2399 - RAMs <vga_top_i/graphics_mem_i/Mram_graphics_mem32>, <vga_top_i/graphics_mem_i/Mram_graphics_mem29> are equivalent, second RAM is removed
INFO:Xst:2399 - RAMs <vga_top_i/graphics_mem_i/Mram_graphics_mem32>, <vga_top_i/graphics_mem_i/Mram_graphics_mem28> are equivalent, second RAM is removed
INFO:Xst:2399 - RAMs <vga_top_i/graphics_mem_i/Mram_graphics_mem32>, <vga_top_i/graphics_mem_i/Mram_graphics_mem30> are equivalent, second RAM is removed
INFO:Xst:2399 - RAMs <vga_top_i/graphics_mem_i/Mram_graphics_mem32>, <vga_top_i/graphics_mem_i/Mram_graphics_mem27> are equivalent, second RAM is removed
INFO:Xst:2399 - RAMs <vga_top_i/graphics_mem_i/Mram_graphics_mem32>, <vga_top_i/graphics_mem_i/Mram_graphics_mem26> are equivalent, second RAM is removed
INFO:Xst:2399 - RAMs <vga_top_i/graphics_mem_i/Mram_graphics_mem32>, <vga_top_i/graphics_mem_i/Mram_graphics_mem24> are equivalent, second RAM is removed
INFO:Xst:2399 - RAMs <vga_top_i/graphics_mem_i/Mram_graphics_mem32>, <vga_top_i/graphics_mem_i/Mram_graphics_mem23> are equivalent, second RAM is removed
INFO:Xst:2399 - RAMs <vga_top_i/graphics_mem_i/Mram_graphics_mem32>, <vga_top_i/graphics_mem_i/Mram_graphics_mem25> are equivalent, second RAM is removed
INFO:Xst:2399 - RAMs <vga_top_i/graphics_mem_i/Mram_graphics_mem32>, <vga_top_i/graphics_mem_i/Mram_graphics_mem22> are equivalent, second RAM is removed
INFO:Xst:2399 - RAMs <vga_top_i/graphics_mem_i/Mram_graphics_mem32>, <vga_top_i/graphics_mem_i/Mram_graphics_mem21> are equivalent, second RAM is removed
INFO:Xst:2399 - RAMs <vga_top_i/graphics_mem_i/Mram_graphics_mem32>, <vga_top_i/graphics_mem_i/Mram_graphics_mem19> are equivalent, second RAM is removed
INFO:Xst:2399 - RAMs <vga_top_i/graphics_mem_i/Mram_graphics_mem32>, <vga_top_i/graphics_mem_i/Mram_graphics_mem18> are equivalent, second RAM is removed
INFO:Xst:2399 - RAMs <vga_top_i/graphics_mem_i/Mram_graphics_mem32>, <vga_top_i/graphics_mem_i/Mram_graphics_mem20> are equivalent, second RAM is removed
INFO:Xst:2399 - RAMs <vga_top_i/graphics_mem_i/Mram_graphics_mem32>, <vga_top_i/graphics_mem_i/Mram_graphics_mem16> are equivalent, second RAM is removed
INFO:Xst:2399 - RAMs <vga_top_i/graphics_mem_i/Mram_graphics_mem32>, <vga_top_i/graphics_mem_i/Mram_graphics_mem15> are equivalent, second RAM is removed
INFO:Xst:2399 - RAMs <vga_top_i/graphics_mem_i/Mram_graphics_mem32>, <vga_top_i/graphics_mem_i/Mram_graphics_mem17> are equivalent, second RAM is removed
INFO:Xst:2399 - RAMs <vga_top_i/graphics_mem_i/Mram_graphics_mem32>, <vga_top_i/graphics_mem_i/Mram_graphics_mem13> are equivalent, second RAM is removed
INFO:Xst:2399 - RAMs <vga_top_i/graphics_mem_i/Mram_graphics_mem32>, <vga_top_i/graphics_mem_i/Mram_graphics_mem12> are equivalent, second RAM is removed
INFO:Xst:2399 - RAMs <vga_top_i/graphics_mem_i/Mram_graphics_mem32>, <vga_top_i/graphics_mem_i/Mram_graphics_mem14> are equivalent, second RAM is removed
INFO:Xst:2399 - RAMs <vga_top_i/graphics_mem_i/Mram_graphics_mem32>, <vga_top_i/graphics_mem_i/Mram_graphics_mem11> are equivalent, second RAM is removed
INFO:Xst:2399 - RAMs <vga_top_i/graphics_mem_i/Mram_graphics_mem32>, <vga_top_i/graphics_mem_i/Mram_graphics_mem10> are equivalent, second RAM is removed
INFO:Xst:2399 - RAMs <vga_top_i/graphics_mem_i/Mram_graphics_mem32>, <vga_top_i/graphics_mem_i/Mram_graphics_mem8> are equivalent, second RAM is removed
INFO:Xst:2399 - RAMs <vga_top_i/graphics_mem_i/Mram_graphics_mem32>, <vga_top_i/graphics_mem_i/Mram_graphics_mem7> are equivalent, second RAM is removed
INFO:Xst:2399 - RAMs <vga_top_i/graphics_mem_i/Mram_graphics_mem32>, <vga_top_i/graphics_mem_i/Mram_graphics_mem9> are equivalent, second RAM is removed
INFO:Xst:2399 - RAMs <vga_top_i/graphics_mem_i/Mram_graphics_mem32>, <vga_top_i/graphics_mem_i/Mram_graphics_mem5> are equivalent, second RAM is removed
INFO:Xst:2399 - RAMs <vga_top_i/graphics_mem_i/Mram_graphics_mem32>, <vga_top_i/graphics_mem_i/Mram_graphics_mem4> are equivalent, second RAM is removed
INFO:Xst:2399 - RAMs <vga_top_i/graphics_mem_i/Mram_graphics_mem32>, <vga_top_i/graphics_mem_i/Mram_graphics_mem6> are equivalent, second RAM is removed
INFO:Xst:2399 - RAMs <vga_top_i/graphics_mem_i/Mram_graphics_mem32>, <vga_top_i/graphics_mem_i/Mram_graphics_mem2> are equivalent, second RAM is removed
INFO:Xst:2399 - RAMs <vga_top_i/graphics_mem_i/Mram_graphics_mem32>, <vga_top_i/graphics_mem_i/Mram_graphics_mem1> are equivalent, second RAM is removed
INFO:Xst:2399 - RAMs <vga_top_i/graphics_mem_i/Mram_graphics_mem32>, <vga_top_i/graphics_mem_i/Mram_graphics_mem3> are equivalent, second RAM is removed
WARNING:Xst:1710 - FF/Latch <vga_top_i/vga_i/vga_sync_i/v_count_r_10> (without init value) has a constant value of 0 in block <top>. This FF/Latch will be trimmed during the optimization process.
WARNING:Xst:1710 - FF/Latch <vga_top_i/vga_i/vga_sync_i/h_count_r_10> (without init value) has a constant value of 0 in block <top>. This FF/Latch will be trimmed during the optimization process.
WARNING:Xst:1710 - FF/Latch <char_addr_reg/r_q_19> (without init value) has a constant value of 0 in block <top>. This FF/Latch will be trimmed during the optimization process.
WARNING:Xst:1710 - FF/Latch <char_addr_reg/r_q_18> (without init value) has a constant value of 0 in block <top>. This FF/Latch will be trimmed during the optimization process.
WARNING:Xst:1710 - FF/Latch <char_addr_reg/r_q_17> (without init value) has a constant value of 0 in block <top>. This FF/Latch will be trimmed during the optimization process.
WARNING:Xst:1710 - FF/Latch <char_addr_reg/r_q_16> (without init value) has a constant value of 0 in block <top>. This FF/Latch will be trimmed during the optimization process.
WARNING:Xst:1710 - FF/Latch <char_addr_reg/r_q_15> (without init value) has a constant value of 0 in block <top>. This FF/Latch will be trimmed during the optimization process.
WARNING:Xst:1710 - FF/Latch <char_addr_reg/r_q_14> (without init value) has a constant value of 0 in block <top>. This FF/Latch will be trimmed during the optimization process.
WARNING:Xst:1710 - FF/Latch <char_addr_reg/r_q_13> (without init value) has a constant value of 0 in block <top>. This FF/Latch will be trimmed during the optimization process.
WARNING:Xst:1710 - FF/Latch <pixel_addr_reg/r_q_19> (without init value) has a constant value of 0 in block <top>. This FF/Latch will be trimmed during the optimization process.
WARNING:Xst:1710 - FF/Latch <pixel_addr_reg/r_q_18> (without init value) has a constant value of 0 in block <top>. This FF/Latch will be trimmed during the optimization process.
WARNING:Xst:1710 - FF/Latch <pixel_addr_reg/r_q_17> (without init value) has a constant value of 0 in block <top>. This FF/Latch will be trimmed during the optimization process.
WARNING:Xst:1710 - FF/Latch <pixel_addr_reg/r_q_16> (without init value) has a constant value of 0 in block <top>. This FF/Latch will be trimmed during the optimization process.
WARNING:Xst:1710 - FF/Latch <pixel_addr_reg/r_q_15> (without init value) has a constant value of 0 in block <top>. This FF/Latch will be trimmed during the optimization process.
WARNING:Xst:1710 - FF/Latch <pixel_addr_reg/r_q_14> (without init value) has a constant value of 0 in block <top>. This FF/Latch will be trimmed during the optimization process.
WARNING:Xst:1710 - FF/Latch <start_pointer_reg/r_q_19> (without init value) has a constant value of 0 in block <top>. This FF/Latch will be trimmed during the optimization process.
WARNING:Xst:1710 - FF/Latch <start_pointer_reg/r_q_18> (without init value) has a constant value of 0 in block <top>. This FF/Latch will be trimmed during the optimization process.
WARNING:Xst:1710 - FF/Latch <start_pointer_reg/r_q_17> (without init value) has a constant value of 0 in block <top>. This FF/Latch will be trimmed during the optimization process.
WARNING:Xst:1710 - FF/Latch <start_pointer_reg/r_q_16> (without init value) has a constant value of 0 in block <top>. This FF/Latch will be trimmed during the optimization process.
WARNING:Xst:1710 - FF/Latch <start_pointer_reg/r_q_15> (without init value) has a constant value of 0 in block <top>. This FF/Latch will be trimmed during the optimization process.
WARNING:Xst:1710 - FF/Latch <start_pointer_reg/r_q_14> (without init value) has a constant value of 0 in block <top>. This FF/Latch will be trimmed during the optimization process.
WARNING:Xst:1710 - FF/Latch <start_pointer_reg/r_q_13> (without init value) has a constant value of 0 in block <top>. This FF/Latch will be trimmed during the optimization process.
WARNING:Xst:1710 - FF/Latch <start_pointer_reg/r_q_12> (without init value) has a constant value of 0 in block <top>. This FF/Latch will be trimmed during the optimization process.
WARNING:Xst:1710 - FF/Latch <start_pointer_reg/r_q_11> (without init value) has a constant value of 0 in block <top>. This FF/Latch will be trimmed during the optimization process.
WARNING:Xst:1710 - FF/Latch <start_pointer_reg/r_q_10> (without init value) has a constant value of 0 in block <top>. This FF/Latch will be trimmed during the optimization process.
WARNING:Xst:1710 - FF/Latch <start_pointer_reg/r_q_9> (without init value) has a constant value of 0 in block <top>. This FF/Latch will be trimmed during the optimization process.
WARNING:Xst:1710 - FF/Latch <start_pointer_reg/r_q_8> (without init value) has a constant value of 0 in block <top>. This FF/Latch will be trimmed during the optimization process.
WARNING:Xst:1710 - FF/Latch <start_pointer_reg/r_q_7> (without init value) has a constant value of 0 in block <top>. This FF/Latch will be trimmed during the optimization process.
WARNING:Xst:1710 - FF/Latch <start_pointer_reg/r_q_6> (without init value) has a constant value of 0 in block <top>. This FF/Latch will be trimmed during the optimization process.
INFO:Xst:2261 - The FF/Latch <vga_top_i/vga_i/vga_sync_i/blue_r_5> in Unit <top> is equivalent to the following FF/Latch, which will be removed : <vga_top_i/vga_i/vga_sync_i/blue_r_4> 
INFO:Xst:2261 - The FF/Latch <vga_top_i/vga_i/vga_sync_i/red_r_1> in Unit <top> is equivalent to the following FF/Latch, which will be removed : <vga_top_i/vga_i/vga_sync_i/red_r_0> 
INFO:Xst:2261 - The FF/Latch <vga_top_i/vga_i/vga_sync_i/red_r_7> in Unit <top> is equivalent to the following FF/Latch, which will be removed : <vga_top_i/vga_i/vga_sync_i/red_r_6> 
INFO:Xst:2261 - The FF/Latch <vga_top_i/vga_i/vga_sync_i/green_r_7> in Unit <top> is equivalent to the following 4 FFs/Latches, which will be removed : <vga_top_i/vga_i/vga_sync_i/green_r_6> <vga_top_i/vga_i/vga_sync_i/green_r_4> <vga_top_i/vga_i/vga_sync_i/green_r_1> <vga_top_i/vga_i/vga_sync_i/green_r_0> 

Mapping all equations...
Building and optimizing final netlist ...
Found area constraint ratio of 100 (+ 5) on block top, actual ratio is 2.

Final Macro Processing ...

=========================================================================
Final Register Report

Macro Statistics
# Registers                                            : 109
 Flip-Flops                                            : 109

=========================================================================

=========================================================================
*                           Partition Report                            *
=========================================================================

Partition Implementation Status
-------------------------------

  No Partitions were found in this design.

-------------------------------

=========================================================================
*                            Design Summary                             *
=========================================================================

Top Level Output File Name         : top.ngc

Primitive and Black Box Usage:
------------------------------
# BELS                             : 1148
#      GND                         : 2
#      INV                         : 96
#      LUT1                        : 118
#      LUT2                        : 34
#      LUT3                        : 61
#      LUT4                        : 35
#      LUT5                        : 29
#      LUT6                        : 132
#      MUXCY                       : 393
#      MUXF7                       : 1
#      VCC                         : 2
#      XORCY                       : 245
# FlipFlops/Latches                : 111
#      FD                          : 1
#      FDC                         : 59
#      FDR                         : 20
#      FDRE                        : 27
#      FDS                         : 1
#      FDSE                        : 1
#      LD                          : 1
#      ODDR2                       : 1
# RAMS                             : 5
#      RAMB16BWER                  : 5
# Shift Registers                  : 1
#      SRL16                       : 1
# Clock Buffers                    : 1
#      BUFG                        : 1
# IO Buffers                       : 35
#      IBUF                        : 4
#      IBUFG                       : 1
#      OBUF                        : 30
# DCMs                             : 1
#      DCM_SP                      : 1
# DSPs                             : 2
#      DSP48A1                     : 2

Device utilization summary:
---------------------------

Selected Device : 6slx45fgg676-2 


Slice Logic Utilization: 
 Number of Slice Registers:             111  out of  54576     0%  
 Number of Slice LUTs:                  506  out of  27288     1%  
    Number used as Logic:               505  out of  27288     1%  
    Number used as Memory:                1  out of   6408     0%  
       Number used as SRL:                1

Slice Logic Distribution: 
 Number of LUT Flip Flop pairs used:    523
   Number with an unused Flip Flop:     412  out of    523    78%  
   Number with an unused LUT:            17  out of    523     3%  
   Number of fully used LUT-FF pairs:    94  out of    523    17%  
   Number of unique control sets:        10

IO Utilization: 
 Number of IOs:                          35
 Number of bonded IOBs:                  35  out of    358     9%  

Specific Feature Utilization:
 Number of Block RAM/FIFO:                5  out of    116     4%  
    Number using Block RAM only:          5
 Number of BUFG/BUFGCTRLs:                1  out of     16     6%  
 Number of DSP48A1s:                      2  out of     58     3%  

---------------------------
Partition Resource Summary:
---------------------------

  No Partitions were found in this design.

---------------------------


=========================================================================
Timing Report

NOTE: THESE TIMING NUMBERS ARE ONLY A SYNTHESIS ESTIMATE.
      FOR ACCURATE TIMING INFORMATION PLEASE REFER TO THE TRACE REPORT
      GENERATED AFTER PLACE-and-ROUTE.

Clock Information:
------------------
---------------------------------------------------------------------------------------------------------------+----------------------------------+-------+
Clock Signal                                                                                                   | Clock buffer(FF name)            | Load  |
---------------------------------------------------------------------------------------------------------------+----------------------------------+-------+
clk_i                                                                                                          | DCM_SP:CLKFX                     | 119   |
vga_top_i/display_mode_i[1]_display_mode_i[1]_OR_22_o(vga_top_i/display_mode_i[1]_display_mode_i[1]_OR_22_o1:O)| NONE(*)(vga_top_i/active_pixel_s)| 1     |
---------------------------------------------------------------------------------------------------------------+----------------------------------+-------+
(*) This 1 clock signal(s) are generated by combinatorial logic,
and XST is not able to identify which are the primary clock signals.
Please use the CLOCK_SIGNAL constraint to specify the clock signal(s) generated by combinatorial logic.
INFO:Xst:2169 - HDL ADVISOR - Some clock signals were not automatically buffered by XST with BUFG/BUFR resources. Please use the buffer_type constraint in order to insert these buffers to the clock signals to help prevent skew problems.

Asynchronous Control Signals Information:
----------------------------------------
No asynchronous control signals found in this design

Timing Summary:
---------------
Speed Grade: -2

   Minimum period: 9.450ns (Maximum Frequency: 105.820MHz)
   Minimum input arrival time before clock: 3.404ns
   Maximum output required time after clock: 4.277ns
   Maximum combinational path delay: No path found

Timing Details:
---------------
All values displayed in nanoseconds (ns)

=========================================================================
Timing constraint: Default period analysis for Clock 'clk_i'
  Clock period: 9.450ns (frequency: 105.820MHz)
  Total number of paths / destination ports: 15398 / 384
-------------------------------------------------------------------------
Delay:               10.206ns (Levels of Logic = 3)
  Source:            vga_top_i/vga_i/vga_sync_i/v_count_r_9 (FF)
  Destination:       vga_top_i/text_mem_i/Mram_text_mem2 (RAM)
  Source Clock:      clk_i rising 0.9X
  Destination Clock: clk_i rising 0.9X

  Data Path: vga_top_i/vga_i/vga_sync_i/v_count_r_9 to vga_top_i/text_mem_i/Mram_text_mem2
                                Gate     Net
    Cell:in->out      fanout   Delay   Delay  Logical Name (Net Name)
    ----------------------------------------  ------------
     FDRE:C->Q             6   0.525   0.875  vga_top_i/vga_i/vga_sync_i/v_count_r_9 (vga_top_i/vga_i/vga_sync_i/v_count_r_9)
     DSP48A1:B5->P11       4   5.145   0.912  vga_top_i/Maddsub_n0103 (vga_top_i/txt_rom_addr_c<11>)
     LUT2:I0->O            9   0.250   1.084  vga_top_i/text_mem_i/index_t[30]_GND_22_o_LessThan_5_o1_SW1 (N40)
     LUT6:I4->O            3   0.250   0.765  vga_top_i/text_mem_i/Mmux_index14 (vga_top_i/text_mem_i/index<0>)
     RAMB16BWER:ADDRB1         0.400          vga_top_i/text_mem_i/Mram_text_mem2
    ----------------------------------------
    Total                     10.206ns (6.570ns logic, 3.636ns route)
                                       (64.4% logic, 35.6% route)

=========================================================================
Timing constraint: Default OFFSET IN BEFORE for Clock 'clk_i'
  Total number of paths / destination ports: 18 / 18
-------------------------------------------------------------------------
Offset:              3.404ns (Levels of Logic = 2)
  Source:            reset_n_i (PAD)
  Destination:       vga_top_i/vga_i/locked_del_reg_r (FF)
  Destination Clock: clk_i rising 0.9X

  Data Path: reset_n_i to vga_top_i/vga_i/locked_del_reg_r
                                Gate     Net
    Cell:in->out      fanout   Delay   Delay  Logical Name (Net Name)
    ----------------------------------------  ------------
     IBUF:I->O             1   1.328   0.681  reset_n_i_IBUF (reset_n_i_IBUF)
     INV:I->O              1   0.255   0.681  vga_top_i/vga_i/rst_n_i_inv1_INV_0 (vga_top_i/vga_i/rst_n_i_inv)
     FDR:R                     0.459          vga_top_i/vga_i/locked_del_reg_r
    ----------------------------------------
    Total                      3.404ns (2.042ns logic, 1.362ns route)
                                       (60.0% logic, 40.0% route)

=========================================================================
Timing constraint: Default OFFSET IN BEFORE for Clock 'vga_top_i/display_mode_i[1]_display_mode_i[1]_OR_22_o'
  Total number of paths / destination ports: 2 / 1
-------------------------------------------------------------------------
Offset:              2.620ns (Levels of Logic = 2)
  Source:            display_mode_i<1> (PAD)
  Destination:       vga_top_i/active_pixel_s (LATCH)
  Destination Clock: vga_top_i/display_mode_i[1]_display_mode_i[1]_OR_22_o falling

  Data Path: display_mode_i<1> to vga_top_i/active_pixel_s
                                Gate     Net
    Cell:in->out      fanout   Delay   Delay  Logical Name (Net Name)
    ----------------------------------------  ------------
     IBUF:I->O             2   1.328   1.002  display_mode_i_1_IBUF (display_mode_i_1_IBUF)
     LUT4:I0->O            1   0.254   0.000  vga_top_i/Mmux_active_pixel_s_rom_out_s_MUX_75_o11 (vga_top_i/active_pixel_s_rom_out_s_MUX_75_o)
     LD:D                      0.036          vga_top_i/active_pixel_s
    ----------------------------------------
    Total                      2.620ns (1.618ns logic, 1.002ns route)
                                       (61.8% logic, 38.2% route)

=========================================================================
Timing constraint: Default OFFSET OUT AFTER for Clock 'clk_i'
  Total number of paths / destination ports: 29 / 29
-------------------------------------------------------------------------
Offset:              4.277ns (Levels of Logic = 1)
  Source:            vga_top_i/vga_i/vga_sync_i/green_r_7 (FF)
  Destination:       green_o<7> (PAD)
  Source Clock:      clk_i rising 0.9X

  Data Path: vga_top_i/vga_i/vga_sync_i/green_r_7 to green_o<7>
                                Gate     Net
    Cell:in->out      fanout   Delay   Delay  Logical Name (Net Name)
    ----------------------------------------  ------------
     FDRE:C->Q             5   0.525   0.840  vga_top_i/vga_i/vga_sync_i/green_r_7 (vga_top_i/vga_i/vga_sync_i/green_r_7)
     OBUF:I->O                 2.912          green_o_7_OBUF (green_o<7>)
    ----------------------------------------
    Total                      4.277ns (3.437ns logic, 0.840ns route)
                                       (80.4% logic, 19.6% route)

=========================================================================

Cross Clock Domains Report:
--------------------------

Clock to Setup on destination clock clk_i
-----------------------------------------------------+---------+---------+---------+---------+
                                                     | Src:Rise| Src:Fall| Src:Rise| Src:Fall|
Source Clock                                         |Dest:Rise|Dest:Rise|Dest:Fall|Dest:Fall|
-----------------------------------------------------+---------+---------+---------+---------+
clk_i                                                |   10.206|         |         |         |
vga_top_i/display_mode_i[1]_display_mode_i[1]_OR_22_o|         |    2.222|         |         |
-----------------------------------------------------+---------+---------+---------+---------+

Clock to Setup on destination clock vga_top_i/display_mode_i[1]_display_mode_i[1]_OR_22_o
---------------+---------+---------+---------+---------+
               | Src:Rise| Src:Fall| Src:Rise| Src:Fall|
Source Clock   |Dest:Rise|Dest:Rise|Dest:Fall|Dest:Fall|
---------------+---------+---------+---------+---------+
clk_i          |         |         |    4.563|         |
---------------+---------+---------+---------+---------+

=========================================================================


Total REAL time to Xst completion: 66.00 secs
Total CPU time to Xst completion: 65.94 secs
 
--> 

Total memory usage is 318456 kilobytes

Number of errors   :    0 (   0 filtered)
Number of warnings :   40 (   0 filtered)
Number of infos    :   40 (   0 filtered)

